This is pdfTeX, Version 3.14159265-2.6-1.40.20 (TeX Live 2019/Debian) (preloaded format=pdflatex 2022.7.5)  5 JUL 2022 17:16
entering extended mode
 restricted \write18 enabled.
 file:line:error style messages enabled.
 %&-line parsing enabled.
**main.tex
(./main.tex
LaTeX2e <2020-02-02> patch level 2
L3 programming layer <2020-02-14> (./main.cls

LaTeX Warning: You have requested document class `main',
               but the document class provides `report'.

Document Class: report 
(/usr/share/texlive/texmf-dist/tex/latex/base/report.cls
Document Class: report 2019/12/20 v1.4l Standard LaTeX document class
(/usr/share/texlive/texmf-dist/tex/latex/base/size11.clo
File: size11.clo 2019/12/20 v1.4l Standard LaTeX file (size option)
)
\c@part=\count167
\c@chapter=\count168
\c@section=\count169
\c@subsection=\count170
\c@subsubsection=\count171
\c@paragraph=\count172
\c@subparagraph=\count173
\c@figure=\count174
\c@table=\count175
\abovecaptionskip=\skip47
\belowcaptionskip=\skip48
\bibindent=\dimen134
)
(/usr/share/texlive/texmf-dist/tex/latex/geometry/geometry.sty
Package: geometry 2020/01/02 v5.9 Page Geometry

(/usr/share/texlive/texmf-dist/tex/latex/graphics/keyval.sty
Package: keyval 2014/10/28 v1.15 key=value parser (DPC)
\KV@toks@=\toks14
)
(/usr/share/texlive/texmf-dist/tex/generic/iftex/ifvtex.sty
Package: ifvtex 2019/10/25 v1.7 ifvtex legacy package. Use iftex instead.

(/usr/share/texlive/texmf-dist/tex/generic/iftex/iftex.sty
Package: iftex 2019/11/07 v1.0c TeX engine tests
))
\Gm@cnth=\count176
\Gm@cntv=\count177
\c@Gm@tempcnt=\count178
\Gm@bindingoffset=\dimen135
\Gm@wd@mp=\dimen136
\Gm@odd@mp=\dimen137
\Gm@even@mp=\dimen138
\Gm@layoutwidth=\dimen139
\Gm@layoutheight=\dimen140
\Gm@layouthoffset=\dimen141
\Gm@layoutvoffset=\dimen142
\Gm@dimlist=\toks15
)
(/usr/share/texlive/texmf-dist/tex/latex/fancyhdr/fancyhdr.sty
Package: fancyhdr 2019/01/31 v3.10 Extensive control of page headers and footer
s
\f@nch@headwidth=\skip49
\f@nch@O@elh=\skip50
\f@nch@O@erh=\skip51
\f@nch@O@olh=\skip52
\f@nch@O@orh=\skip53
\f@nch@O@elf=\skip54
\f@nch@O@erf=\skip55
\f@nch@O@olf=\skip56
\f@nch@O@orf=\skip57
)
(/usr/share/texlive/texmf-dist/tex/latex/tocloft/tocloft.sty
Package: tocloft 2017/08/31 v2.3i parameterised ToC, etc., typesetting
Package tocloft Info: The document has chapter divisions on input line 51.
\cftparskip=\skip58
\cftbeforetoctitleskip=\skip59
\cftaftertoctitleskip=\skip60
\cftbeforepartskip=\skip61
\cftpartnumwidth=\skip62
\cftpartindent=\skip63
\cftbeforechapskip=\skip64
\cftchapindent=\skip65
\cftchapnumwidth=\skip66
\cftbeforesecskip=\skip67
\cftsecindent=\skip68
\cftsecnumwidth=\skip69
\cftbeforesubsecskip=\skip70
\cftsubsecindent=\skip71
\cftsubsecnumwidth=\skip72
\cftbeforesubsubsecskip=\skip73
\cftsubsubsecindent=\skip74
\cftsubsubsecnumwidth=\skip75
\cftbeforeparaskip=\skip76
\cftparaindent=\skip77
\cftparanumwidth=\skip78
\cftbeforesubparaskip=\skip79
\cftsubparaindent=\skip80
\cftsubparanumwidth=\skip81
\cftbeforeloftitleskip=\skip82
\cftafterloftitleskip=\skip83
\cftbeforefigskip=\skip84
\cftfigindent=\skip85
\cftfignumwidth=\skip86
\c@lofdepth=\count179
\c@lotdepth=\count180
\cftbeforelottitleskip=\skip87
\cftafterlottitleskip=\skip88
\cftbeforetabskip=\skip89
\cfttabindent=\skip90
\cfttabnumwidth=\skip91
))
(/usr/share/texlive/texmf-dist/tex/latex/graphics/graphicx.sty
Package: graphicx 2019/11/30 v1.2a Enhanced LaTeX Graphics (DPC,SPQR)

(/usr/share/texlive/texmf-dist/tex/latex/graphics/graphics.sty
Package: graphics 2019/11/30 v1.4a Standard LaTeX Graphics (DPC,SPQR)

(/usr/share/texlive/texmf-dist/tex/latex/graphics/trig.sty
Package: trig 2016/01/03 v1.10 sin cos tan (DPC)
)
(/usr/share/texlive/texmf-dist/tex/latex/graphics-cfg/graphics.cfg
File: graphics.cfg 2016/06/04 v1.11 sample graphics configuration
)
Package graphics Info: Driver file: pdftex.def on input line 105.

(/usr/share/texlive/texmf-dist/tex/latex/graphics-def/pdftex.def
File: pdftex.def 2018/01/08 v1.0l Graphics/color driver for pdftex
))
\Gin@req@height=\dimen143
\Gin@req@width=\dimen144
)
(/usr/share/texlive/texmf-dist/tex/latex/hyperref/hyperref.sty
Package: hyperref 2020/01/14 v7.00d Hypertext links for LaTeX

(/usr/share/texlive/texmf-dist/tex/generic/ltxcmds/ltxcmds.sty
Package: ltxcmds 2019/12/15 v1.24 LaTeX kernel commands for general use (HO)
)
(/usr/share/texlive/texmf-dist/tex/latex/pdftexcmds/pdftexcmds.sty
Package: pdftexcmds 2019/11/24 v0.31 Utility functions of pdfTeX for LuaTeX (HO
)

(/usr/share/texlive/texmf-dist/tex/generic/infwarerr/infwarerr.sty
Package: infwarerr 2019/12/03 v1.5 Providing info/warning/error messages (HO)
)
Package pdftexcmds Info: \pdf@primitive is available.
Package pdftexcmds Info: \pdf@ifprimitive is available.
Package pdftexcmds Info: \pdfdraftmode found.
)
(/usr/share/texlive/texmf-dist/tex/generic/kvsetkeys/kvsetkeys.sty
Package: kvsetkeys 2019/12/15 v1.18 Key value parser (HO)
)
(/usr/share/texlive/texmf-dist/tex/generic/kvdefinekeys/kvdefinekeys.sty
Package: kvdefinekeys 2019-12-19 v1.6 Define keys (HO)
)
(/usr/share/texlive/texmf-dist/tex/generic/pdfescape/pdfescape.sty
Package: pdfescape 2019/12/09 v1.15 Implements pdfTeX's escape features (HO)
)
(/usr/share/texlive/texmf-dist/tex/latex/hycolor/hycolor.sty
Package: hycolor 2020-01-27 v1.10 Color options for hyperref/bookmark (HO)
)
(/usr/share/texlive/texmf-dist/tex/latex/letltxmacro/letltxmacro.sty
Package: letltxmacro 2019/12/03 v1.6 Let assignment for LaTeX macros (HO)
)
(/usr/share/texlive/texmf-dist/tex/latex/auxhook/auxhook.sty
Package: auxhook 2019-12-17 v1.6 Hooks for auxiliary files (HO)
)
(/usr/share/texlive/texmf-dist/tex/latex/kvoptions/kvoptions.sty
Package: kvoptions 2019/11/29 v3.13 Key value format for package options (HO)
)
\@linkdim=\dimen145
\Hy@linkcounter=\count181
\Hy@pagecounter=\count182

(/usr/share/texlive/texmf-dist/tex/latex/hyperref/pd1enc.def
File: pd1enc.def 2020/01/14 v7.00d Hyperref: PDFDocEncoding definition (HO)
Now handling font encoding PD1 ...
... no UTF-8 mapping file for font encoding PD1
)
(/usr/share/texlive/texmf-dist/tex/generic/intcalc/intcalc.sty
Package: intcalc 2019/12/15 v1.3 Expandable calculations with integers (HO)
)
(/usr/share/texlive/texmf-dist/tex/generic/etexcmds/etexcmds.sty
Package: etexcmds 2019/12/15 v1.7 Avoid name clashes with e-TeX commands (HO)
)
\Hy@SavedSpaceFactor=\count183
\pdfmajorversion=\count184
Package hyperref Info: Hyper figures OFF on input line 4547.
Package hyperref Info: Link nesting OFF on input line 4552.
Package hyperref Info: Hyper index ON on input line 4555.
Package hyperref Info: Plain pages OFF on input line 4562.
Package hyperref Info: Backreferencing OFF on input line 4567.
Package hyperref Info: Implicit mode ON; LaTeX internals redefined.
Package hyperref Info: Bookmarks ON on input line 4800.
\c@Hy@tempcnt=\count185

(/usr/share/texlive/texmf-dist/tex/latex/url/url.sty
\Urlmuskip=\muskip16
Package: url 2013/09/16  ver 3.4  Verb mode for urls, etc.
)
LaTeX Info: Redefining \url on input line 5159.
\XeTeXLinkMargin=\dimen146

(/usr/share/texlive/texmf-dist/tex/generic/bitset/bitset.sty
Package: bitset 2019/12/09 v1.3 Handle bit-vector datatype (HO)

(/usr/share/texlive/texmf-dist/tex/generic/bigintcalc/bigintcalc.sty
Package: bigintcalc 2019/12/15 v1.5 Expandable calculations on big integers (HO
)
))
\Fld@menulength=\count186
\Field@Width=\dimen147
\Fld@charsize=\dimen148
Package hyperref Info: Hyper figures OFF on input line 6430.
Package hyperref Info: Link nesting OFF on input line 6435.
Package hyperref Info: Hyper index ON on input line 6438.
Package hyperref Info: backreferencing OFF on input line 6445.
Package hyperref Info: Link coloring OFF on input line 6450.
Package hyperref Info: Link coloring with OCG OFF on input line 6455.
Package hyperref Info: PDF/A mode OFF on input line 6460.
LaTeX Info: Redefining \ref on input line 6500.
LaTeX Info: Redefining \pageref on input line 6504.

(/usr/share/texlive/texmf-dist/tex/generic/atbegshi/atbegshi.sty
Package: atbegshi 2019/12/05 v1.19 At begin shipout hook (HO)
)
\Hy@abspage=\count187
\c@Item=\count188
\c@Hfootnote=\count189
)
Package hyperref Info: Driver (autodetected): hpdftex.

(/usr/share/texlive/texmf-dist/tex/latex/hyperref/hpdftex.def
File: hpdftex.def 2020/01/14 v7.00d Hyperref driver for pdfTeX

(/usr/share/texlive/texmf-dist/tex/latex/atveryend/atveryend.sty
Package: atveryend 2019-12-11 v1.11 Hooks at the very end of document (HO)
Package atveryend Info: \enddocument detected (standard20110627).
)
\Fld@listcount=\count190
\c@bookmark@seq@number=\count191

(/usr/share/texlive/texmf-dist/tex/latex/rerunfilecheck/rerunfilecheck.sty
Package: rerunfilecheck 2019/12/05 v1.9 Rerun checks for auxiliary files (HO)

(/usr/share/texlive/texmf-dist/tex/generic/uniquecounter/uniquecounter.sty
Package: uniquecounter 2019/12/15 v1.4 Provide unlimited unique counter (HO)
)
Package uniquecounter Info: New unique counter `rerunfilecheck' on input line 2
86.
)
\Hy@SectionHShift=\skip92
)
(/usr/share/texlive/texmf-dist/tex/latex/listings/listings.sty
\lst@mode=\count192
\lst@gtempboxa=\box45
\lst@token=\toks16
\lst@length=\count193
\lst@currlwidth=\dimen149
\lst@column=\count194
\lst@pos=\count195
\lst@lostspace=\dimen150
\lst@width=\dimen151
\lst@newlines=\count196
\lst@lineno=\count197
\lst@maxwidth=\dimen152

(/usr/share/texlive/texmf-dist/tex/latex/listings/lstmisc.sty
File: lstmisc.sty 2019/09/10 1.8c (Carsten Heinz)
\c@lstnumber=\count198
\lst@skipnumbers=\count199
\lst@framebox=\box46
)
(/usr/share/texlive/texmf-dist/tex/latex/listings/listings.cfg
File: listings.cfg 2019/09/10 1.8c listings configuration
))
Package: listings 2019/09/10 1.8c (Carsten Heinz)

(/usr/share/texlive/texmf-dist/tex/latex/amsmath/amsmath.sty
Package: amsmath 2020/01/20 v2.17e AMS math features
\@mathmargin=\skip93

For additional information on amsmath, use the `?' option.
(/usr/share/texlive/texmf-dist/tex/latex/amsmath/amstext.sty
Package: amstext 2000/06/29 v2.01 AMS text

(/usr/share/texlive/texmf-dist/tex/latex/amsmath/amsgen.sty
File: amsgen.sty 1999/11/30 v2.0 generic functions
\@emptytoks=\toks17
\ex@=\dimen153
))
(/usr/share/texlive/texmf-dist/tex/latex/amsmath/amsbsy.sty
Package: amsbsy 1999/11/29 v1.2d Bold Symbols
\pmbraise@=\dimen154
)
(/usr/share/texlive/texmf-dist/tex/latex/amsmath/amsopn.sty
Package: amsopn 2016/03/08 v2.02 operator names
)
\inf@bad=\count266
LaTeX Info: Redefining \frac on input line 227.
\uproot@=\count267
\leftroot@=\count268
LaTeX Info: Redefining \overline on input line 389.
\classnum@=\count269
\DOTSCASE@=\count270
LaTeX Info: Redefining \ldots on input line 486.
LaTeX Info: Redefining \dots on input line 489.
LaTeX Info: Redefining \cdots on input line 610.
\Mathstrutbox@=\box47
\strutbox@=\box48
\big@size=\dimen155
LaTeX Font Info:    Redeclaring font encoding OML on input line 733.
LaTeX Font Info:    Redeclaring font encoding OMS on input line 734.
\macc@depth=\count271
\c@MaxMatrixCols=\count272
\dotsspace@=\muskip17
\c@parentequation=\count273
\dspbrk@lvl=\count274
\tag@help=\toks18
\row@=\count275
\column@=\count276
\maxfields@=\count277
\andhelp@=\toks19
\eqnshift@=\dimen156
\alignsep@=\dimen157
\tagshift@=\dimen158
\tagwidth@=\dimen159
\totwidth@=\dimen160
\lineht@=\dimen161
\@envbody=\toks20
\multlinegap=\skip94
\multlinetaggap=\skip95
\mathdisplay@stack=\toks21
LaTeX Info: Redefining \[ on input line 2859.
LaTeX Info: Redefining \] on input line 2860.
)
(/usr/share/texlive/texmf-dist/tex/latex/tools/array.sty
Package: array 2019/08/31 v2.4l Tabular extension package (FMi)
\col@sep=\dimen162
\ar@mcellbox=\box49
\extrarowheight=\dimen163
\NC@list=\toks22
\extratabsurround=\skip96
\backup@length=\skip97
\ar@cellbox=\box50
)
(/usr/share/texlive/texmf-dist/tex/latex/enumitem/enumitem.sty
Package: enumitem 2019/06/20 v3.9 Customized lists
\labelindent=\skip98
\enit@outerparindent=\dimen164
\enit@toks=\toks23
\enit@inbox=\box51
\enit@count@id=\count278
\enitdp@description=\count279
)
(/usr/share/texlive/texmf-dist/tex/latex/xcolor/xcolor.sty
Package: xcolor 2016/05/11 v2.12 LaTeX color extensions (UK)

(/usr/share/texlive/texmf-dist/tex/latex/graphics-cfg/color.cfg
File: color.cfg 2016/01/02 v1.6 sample color configuration
)
Package xcolor Info: Driver file: pdftex.def on input line 225.
Package xcolor Info: Model `cmy' substituted by `cmy0' on input line 1348.
Package xcolor Info: Model `hsb' substituted by `rgb' on input line 1352.
Package xcolor Info: Model `RGB' extended on input line 1364.
Package xcolor Info: Model `HTML' substituted by `rgb' on input line 1366.
Package xcolor Info: Model `Hsb' substituted by `hsb' on input line 1367.
Package xcolor Info: Model `tHsb' substituted by `hsb' on input line 1368.
Package xcolor Info: Model `HSB' substituted by `hsb' on input line 1369.
Package xcolor Info: Model `Gray' substituted by `gray' on input line 1370.
Package xcolor Info: Model `wave' substituted by `hsb' on input line 1371.
)
(/usr/share/texlive/texmf-dist/tex/latex/setspace/setspace.sty
Package: setspace 2011/12/19 v6.7a set line spacing
)
(/usr/share/texlive/texmf-dist/tex/latex/l3backend/l3backend-pdfmode.def
File: l3backend-pdfmode.def 2020-02-03 L3 backend support: PDF mode
\l__kernel_color_stack_int=\count280
\l__pdf_internal_box=\box52
)
(/home/octavio/pycharm_projects/action_model_reconstruction_framework/MscDisser
tation/out/main.aux

LaTeX Warning: Label `fig:learning-module-interaction-uml' multiply defined.

)
\openout1 = `main.aux'.

LaTeX Font Info:    Checking defaults for OML/cmm/m/it on input line 47.
LaTeX Font Info:    ... okay on input line 47.
LaTeX Font Info:    Checking defaults for OMS/cmsy/m/n on input line 47.
LaTeX Font Info:    ... okay on input line 47.
LaTeX Font Info:    Checking defaults for OT1/cmr/m/n on input line 47.
LaTeX Font Info:    ... okay on input line 47.
LaTeX Font Info:    Checking defaults for T1/cmr/m/n on input line 47.
LaTeX Font Info:    ... okay on input line 47.
LaTeX Font Info:    Checking defaults for TS1/cmr/m/n on input line 47.
LaTeX Font Info:    ... okay on input line 47.
LaTeX Font Info:    Checking defaults for OMX/cmex/m/n on input line 47.
LaTeX Font Info:    ... okay on input line 47.
LaTeX Font Info:    Checking defaults for U/cmr/m/n on input line 47.
LaTeX Font Info:    ... okay on input line 47.
LaTeX Font Info:    Checking defaults for PD1/pdf/m/n on input line 47.
LaTeX Font Info:    ... okay on input line 47.

*geometry* detected driver: pdftex
*geometry* verbose mode - [ preamble ] result:
* driver: pdftex
* paper: custom
* layout: <same size as paper>
* layoutoffset:(h,v)=(0.0pt,0.0pt)
* modes: includehead 
* h-part:(L,W,R)=(85.35826pt, 441.01773pt, 71.13188pt)
* v-part:(T,H,B)=(0.0pt, 788.14125pt, 56.9055pt)
* \paperwidth=597.50787pt
* \paperheight=845.04675pt
* \textwidth=441.01773pt
* \textheight=720.46213pt
* \oddsidemargin=13.08827pt
* \evensidemargin=13.08827pt
* \topmargin=-72.26999pt
* \headheight=42.67912pt
* \headsep=25.0pt
* \topskip=11.0pt
* \footskip=30.0pt
* \marginparwidth=59.0pt
* \marginparsep=10.0pt
* \columnsep=10.0pt
* \skip\footins=10.0pt plus 4.0pt minus 2.0pt
* \hoffset=0.0pt
* \voffset=0.0pt
* \mag=1000
* \@twocolumnfalse
* \@twosidefalse
* \@mparswitchfalse
* \@reversemarginfalse
* (1in=72.27pt=25.4mm, 1cm=28.453pt)

(/usr/share/texlive/texmf-dist/tex/context/base/mkii/supp-pdf.mkii
[Loading MPS to PDF converter (version 2006.09.02).]
\scratchcounter=\count281
\scratchdimen=\dimen165
\scratchbox=\box53
\nofMPsegments=\count282
\nofMParguments=\count283
\everyMPshowfont=\toks24
\MPscratchCnt=\count284
\MPscratchDim=\dimen166
\MPnumerator=\count285
\makeMPintoPDFobject=\count286
\everyMPtoPDFconversion=\toks25
) (/usr/share/texlive/texmf-dist/tex/latex/epstopdf-pkg/epstopdf-base.sty
Package: epstopdf-base 2020-01-24 v2.11 Base part for package epstopdf
Package epstopdf-base Info: Redefining graphics rule for `.eps' on input line 4
85.

(/usr/share/texlive/texmf-dist/tex/latex/latexconfig/epstopdf-sys.cfg
File: epstopdf-sys.cfg 2010/07/13 v1.3 Configuration of (r)epstopdf for TeX Liv
e
))
\AtBeginShipoutBox=\box54
Package hyperref Info: Link coloring OFF on input line 47.

(/usr/share/texlive/texmf-dist/tex/latex/hyperref/nameref.sty
Package: nameref 2019/09/16 v2.46 Cross-referencing by name of section

(/usr/share/texlive/texmf-dist/tex/latex/refcount/refcount.sty
Package: refcount 2019/12/15 v3.6 Data extraction from label references (HO)
)
(/usr/share/texlive/texmf-dist/tex/generic/gettitlestring/gettitlestring.sty
Package: gettitlestring 2019/12/15 v1.6 Cleanup title references (HO)
)
\c@section@level=\count287
)
LaTeX Info: Redefining \ref on input line 47.
LaTeX Info: Redefining \pageref on input line 47.
LaTeX Info: Redefining \nameref on input line 47.

(/home/octavio/pycharm_projects/action_model_reconstruction_framework/MscDisser
tation/out/main.out)
(/home/octavio/pycharm_projects/action_model_reconstruction_framework/MscDisser
tation/out/main.out)
\@outlinefile=\write3
\openout3 = `main.out'.

\c@lstlisting=\count288


./main.tex:54: LaTeX Error: File `logo' not found.

See the LaTeX manual or LaTeX Companion for explanation.
Type  H <return>  for immediate help.
 ...                                              
                                                  
l.54 
     
I could not locate the file with any of these extensions:
.pdf,.png,.jpg,.mps,.jpeg,.jbig2,.jb2,.PDF,.PNG,.JPG,.JPEG,.JBIG2,.JB2,.eps
Try typing  <return>  to proceed.
If that doesn't work, type  X <return>  to quit.

[0{/var/lib/texmf/fonts/map/pdftex/updmap/pdftex.map}

] [1

]
(/home/octavio/pycharm_projects/action_model_reconstruction_framework/MscDisser
tation/out/main.toc
LaTeX Font Info:    Calculating math sizes for size <11> on input line 1.


LaTeX Font Warning: Font shape `OT1/cmr/m/n' in size <5.5> not available
(Font)              size <5> substituted on input line 1.


LaTeX Font Warning: Font shape `OML/cmm/m/it' in size <5.5> not available
(Font)              size <5> substituted on input line 1.


LaTeX Font Warning: Font shape `OMS/cmsy/m/n' in size <5.5> not available
(Font)              size <5> substituted on input line 1.

[2])
\tf@toc=\write4
\openout4 = `main.toc'.


Overfull \hbox (5.61711pt too wide) in paragraph at lines 78--80
[]\OT1/cmr/m/n/10.95 All code is avail-able on: []$\OT1/cmtt/m/n/10.95 https : 
/ / github . com / Occy88 / AIPrinciples / tree / main / Planning /
 []

[3] (./chapters/0 Abstract.tex) (./chapters/1 Introduction.tex [4

]
Chapter 1.

LaTeX Warning: Citation `ReviewActionModels:article' on page 5 undefined on inp
ut line 3.


LaTeX Warning: Citation `AutomatedKETools:inproceedings' on page 5 undefined on
 input line 29.


LaTeX Warning: Citation `ReviewActionModels:article' on page 5 undefined on inp
ut line 38.

[5

]) (./chapters/2 Background.tex [6]
Chapter 2.
[7

]
Overfull \hbox (5.47232pt too wide) in paragraph at lines 13--14
[]$\OML/cmm/m/it/10.95 O$ \OT1/cmr/m/n/10.95 is a set of op-er-a-tors (ac-tions
) each of which is in it-self a quadru-ple $\OML/cmm/m/it/10.95 p[]; p[]; p[]; 
p[]$\OT1/cmr/m/n/10.95 ,
 []

[8]
<images/architecture/parserflow.png, id=269, 145.54375pt x 407.5225pt>
File: images/architecture/parserflow.png Graphic file (type png)
<use images/architecture/parserflow.png>
Package pdftex.def Info: images/architecture/parserflow.png  used on input line
 33.
(pdftex.def)             Requested size: 107.54965pt x 301.1261pt.


LaTeX Warning: Citation `ParsingW23:online' on page 9 undefined on input line 3
7.

[9 <./images/architecture/parserflow.png>] [10]

LaTeX Warning: Citation `FastDown46:online' on page 11 undefined on input line 
52.


LaTeX Warning: Citation `pracmln' on page 11 undefined on input line 58.

[11]

LaTeX Warning: Citation `Markovra75:online' on page 12 undefined on input line 
70.

[12]

LaTeX Warning: Citation `mlj05pdf51:online' on page 13 undefined on input line 
82.

./chapters/2 Background.tex:86: Missing $ inserted.
<inserted text> 
                $
l.86 ...uch as a number or a string e.g. 1, house_
                                                  1, 2 .
I've inserted a begin-math/end-math symbol since I think
you left one out. Proceed, with fingers crossed.

./chapters/2 Background.tex:87: Missing $ inserted.
<inserted text> 
                $
l.87 
     
I've inserted a begin-math/end-math symbol since I think
you left one out. Proceed, with fingers crossed.

[13] [14]
<images/Selection_019.png, id=307, 882.29625pt x 322.20375pt>
File: images/Selection_019.png Graphic file (type png)
<use images/Selection_019.png>
Package pdftex.def Info: images/Selection_019.png  used on input line 112.
(pdftex.def)             Requested size: 441.01773pt x 161.0523pt.
 [15 <./images/Selection_019.png>]

LaTeX Warning: Citation `ssardina20:online' on page 16 undefined on input line 
131.


LaTeX Warning: Citation `hfoffani23:online' on page 16 undefined on input line 
133.


LaTeX Warning: Citation `httpsarx9:online' on page 16 undefined on input line 1
33.

[16]

LaTeX Warning: Citation `pucrsaut37:online' on page 17 undefined on input line 
135.

[17]

LaTeX Warning: Citation `AAAIPres94:online' on page 18 undefined on input line 
150.


LaTeX Warning: Citation `1210488932:online' on page 18 undefined on input line 
150.

[18]) (./chapters/3 Methodology.tex [19]
Chapter 3.
[20

]
<images/architecture/git-flow.png, id=336, 456.20438pt x 207.77625pt>
File: images/architecture/git-flow.png Graphic file (type png)
<use images/architecture/git-flow.png>
Package pdftex.def Info: images/architecture/git-flow.png  used on input line 2
0.
(pdftex.def)             Requested size: 441.01773pt x 200.86423pt.
 [21 <./images/architecture/git-flow.png>] [22]
<images/architecture/parser_uml.png, id=349, 711.65875pt x 420.57124pt>
File: images/architecture/parser_uml.png Graphic file (type png)
<use images/architecture/parser_uml.png>
Package pdftex.def Info: images/architecture/parser_uml.png  used on input line
 38.
(pdftex.def)             Requested size: 441.01773pt x 260.62955pt.
 [23 <./images/architecture/parser_uml.png>]
<images/architecture/data_generator_uml.png, id=355, 450.68375pt x 419.5675pt>
File: images/architecture/data_generator_uml.png Graphic file (type png)
<use images/architecture/data_generator_uml.png>
Package pdftex.def Info: images/architecture/data_generator_uml.png  used on in
put line 46.
(pdftex.def)             Requested size: 308.71106pt x 287.4084pt.
<images/architecture/learning_model_uml.png, id=356, 451.6875pt x 440.64626pt>
File: images/architecture/learning_model_uml.png Graphic file (type png)
<use images/architecture/learning_model_uml.png>
Package pdftex.def Info: images/architecture/learning_model_uml.png  used on in
put line 55.
(pdftex.def)             Requested size: 308.71106pt x 301.18193pt.
 [24 <./images/architecture/data_generator_uml.png>]
<images/architecture/action_model_reconstructor_uml.png, id=363, 620.3175pt x 2
57.96375pt>
File: images/architecture/action_model_reconstructor_uml.png Graphic file (type
 png)
<use images/architecture/action_model_reconstructor_uml.png>
Package pdftex.def Info: images/architecture/action_model_reconstructor_uml.png
  used on input line 63.
(pdftex.def)             Requested size: 308.71106pt x 128.3793pt.


LaTeX Warning: `h' float specifier changed to `ht'.

[25 <./images/architecture/learning_model_uml.png>]
<images/architecture/domain_simulator.png, id=369, 279.0425pt x 312.16624pt>
File: images/architecture/domain_simulator.png Graphic file (type png)
<use images/architecture/domain_simulator.png>
Package pdftex.def Info: images/architecture/domain_simulator.png  used on inpu
t line 71.
(pdftex.def)             Requested size: 176.40439pt x 197.35168pt.
 [26 <./images/architecture/action_model_reconstructor_uml.png> <./images/archi
tecture/domain_simulator.png>]) (./chapters/4 Design and Implementation.tex [27
] [28]
Chapter 4.

./chapters/4 Design and Implementation.tex:10: LaTeX Error: File `images/Core A
rchitecture' not found.

See the LaTeX manual or LaTeX Companion for explanation.
Type  H <return>  for immediate help.
 ...                                              
                                                  
l.10 ...h=0.7\textwidth]{images/Core Architecture}
                                                  
I could not locate the file with any of these extensions:
.pdf,.png,.jpg,.mps,.jpeg,.jbig2,.jb2,.PDF,.PNG,.JPG,.JPEG,.JBIG2,.JB2,.eps
Try typing  <return>  to proceed.
If that doesn't work, type  X <return>  to quit.

[29

]

LaTeX Warning: Citation `pddl21:online' on page 30 undefined on input line 16.

<images/architecture/parser_dir.png, id=395, 157.08687pt x 168.63pt>
File: images/architecture/parser_dir.png Graphic file (type png)
<use images/architecture/parser_dir.png>
Package pdftex.def Info: images/architecture/parser_dir.png  used on input line
 19.
(pdftex.def)             Requested size: 132.30666pt x 142.03418pt.

LaTeX Warning: Citation `pddl21:online' on page 30 undefined on input line 26.

[30 <./images/architecture/parser_dir.png>]
Package hyperref Info: bookmark level for unknown lstlisting defaults to 0 on i
nput line 36.

(/usr/share/texlive/texmf-dist/tex/latex/listings/lstlang1.sty
File: lstlang1.sty 2019/09/10 1.8c listings language file
) [31] [32]
[33]
<images/architecture/learning_module_interaction_uml.png, id=482, 689.57625pt x
 261.97874pt>
File: images/architecture/learning_module_interaction_uml.png Graphic file (typ
e png)
<use images/architecture/learning_module_interaction_uml.png>
Package pdftex.def Info: images/architecture/learning_module_interaction_uml.pn
g  used on input line 112.
(pdftex.def)             Requested size: 441.01773pt x 167.5499pt.
 [34 <./images/architecture/learning_module_interaction_uml.png>] [35]
<images/architecture/final_integration_uml.png, id=492, 437.13312pt x 349.80687
pt>
File: images/architecture/final_integration_uml.png Graphic file (type png)
<use images/architecture/final_integration_uml.png>
Package pdftex.def Info: images/architecture/final_integration_uml.png  used on
 input line 125.
(pdftex.def)             Requested size: 441.01773pt x 352.91783pt.

[36 <./images/architecture/final_integration_uml.png>]
Underfull \hbox (badness 10000) in paragraph at lines 132--144

 []


Overfull \hbox (15.65714pt too wide) in paragraph at lines 132--144
\OT1/cmr/m/n/10.95 We de-fine a valid database $\OML/cmm/m/it/10.95 D$ \OT1/cmr
/m/n/10.95 by $\OMS/cmsy/m/n/10.95 f\OML/cmm/m/it/10.95 a; S[]\OMS/cmsy/m/n/10.
95 g$ \OT1/cmr/m/n/10.95 where $\OML/cmm/m/it/10.95 S[]$ \OT1/cmr/m/n/10.95 is 
a set of pred-i-cates in the form $\OML/cmm/m/it/10.95 p[]\OT1/cmr/m/n/10.95 (\
OML/cmm/m/it/10.95 p[]; f \OMS/cmsy/m/n/10.95 2
 []


Underfull \hbox (badness 10000) in paragraph at lines 132--144

 []


Underfull \hbox (badness 10000) in paragraph at lines 132--144

 []


Overfull \hbox (1.02873pt too wide) in paragraph at lines 144--144
[]\OT1/cmss/bx/n/17.28 Training and re-con-struc-tion of STRIPS ac-tion mod-
 []


Underfull \hbox (badness 10000) in paragraph at lines 145--147

 []


Underfull \hbox (badness 10000) in paragraph at lines 145--147

 []

[37]

./chapters/4 Design and Implementation.tex:150: LaTeX Error: There's no line he
re to end.

See the LaTeX manual or LaTeX Companion for explanation.
Type  H <return>  for immediate help.
 ...                                              
                                                  
l.150 \newline
              
Your command was ignored.
Type  I <command> <return>  to replace it with another command,
or  <return>  to continue without it.


Underfull \hbox (badness 10000) in paragraph at lines 151--157

 []


Underfull \hbox (badness 10000) in paragraph at lines 162--165

 []

[38]
<images/tests/movegraph_100.png, id=508, 3138.72626pt x 2326.6925pt>
File: images/tests/movegraph_100.png Graphic file (type png)
<use images/tests/movegraph_100.png>
Package pdftex.def Info: images/tests/movegraph_100.png  used on input line 196
.
(pdftex.def)             Requested size: 216.1011pt x 160.18694pt.
<images/tests/movegraph_100_cum.png, id=509, 3182.89125pt x 2307.62125pt>
File: images/tests/movegraph_100_cum.png Graphic file (type png)
<use images/tests/movegraph_100_cum.png>
Package pdftex.def Info: images/tests/movegraph_100_cum.png  used on input line
 203.
(pdftex.def)             Requested size: 216.1011pt x 156.6556pt.
<images/tests/movegraph_rand_70.png, id=510, 3157.7975pt x 2345.76375pt>
File: images/tests/movegraph_rand_70.png Graphic file (type png)
<use images/tests/movegraph_rand_70.png>
Package pdftex.def Info: images/tests/movegraph_rand_70.png  used on input line
 212.
(pdftex.def)             Requested size: 216.1011pt x 160.49773pt.
<images/tests/movegraph_rand_30.png, id=511, 3157.7975pt x 2307.62125pt>
File: images/tests/movegraph_rand_30.png Graphic file (type png)
<use images/tests/movegraph_rand_30.png>
Package pdftex.def Info: images/tests/movegraph_rand_30.png  used on input line
 219.
(pdftex.def)             Requested size: 216.1011pt x 157.888pt.

./chapters/4 Design and Implementation.tex:220: Missing $ inserted.
<inserted text> 
                $
l.220 ...n MLN, .7 rand noise on){fig:mv_100_cum}}
                                                  
I've inserted a begin-math/end-math symbol since I think
you left one out. Proceed, with fingers crossed.

./chapters/4 Design and Implementation.tex:220: Extra }, or forgotten $.
<argument> ...N, .7 rand noise on){fig:mv_100_cum}
                                                  \fi 
l.220 ...n MLN, .7 rand noise on){fig:mv_100_cum}}
                                                  
I've deleted a group-closing symbol because it seems to be
spurious, as in `$x}$'. But perhaps the } is legitimate and
you forgot something else, as in `\hbox{$x}'. In such cases
the way to recover is to insert both the forgotten and the
deleted material, e.g., by typing `I$}'.

./chapters/4 Design and Implementation.tex:220: Missing $ inserted.
<inserted text> 
                $
l.220 ...n MLN, .7 rand noise on){fig:mv_100_cum}}
                                                  
I've inserted a begin-math/end-math symbol since I think
you left one out. Proceed, with fingers crossed.

./chapters/4 Design and Implementation.tex:220: Missing } inserted.
<inserted text> 
                }
l.220 ...n MLN, .7 rand noise on){fig:mv_100_cum}}
                                                  
I've inserted something that you may have forgotten.
(See the <inserted text> above.)
With luck, this will get me unwedged. But if you
really didn't forget anything, try typing `2' now; then
my insertion and my current dilemma will both disappear.

./chapters/4 Design and Implementation.tex:220: Missing $ inserted.
<inserted text> 
                $
l.220 ...n MLN, .7 rand noise on){fig:mv_100_cum}}
                                                  
I've inserted a begin-math/end-math symbol since I think
you left one out. Proceed, with fingers crossed.

./chapters/4 Design and Implementation.tex:220: Extra }, or forgotten $.
<argument> ...N, .7 rand noise on){fig:mv_100_cum}
                                                  \fi 
l.220 ...n MLN, .7 rand noise on){fig:mv_100_cum}}
                                                  
I've deleted a group-closing symbol because it seems to be
spurious, as in `$x}$'. But perhaps the } is legitimate and
you forgot something else, as in `\hbox{$x}'. In such cases
the way to recover is to insert both the forgotten and the
deleted material, e.g., by typing `I$}'.

./chapters/4 Design and Implementation.tex:220: Missing $ inserted.
<inserted text> 
                $
l.220 ...n MLN, .7 rand noise on){fig:mv_100_cum}}
                                                  
I've inserted a begin-math/end-math symbol since I think
you left one out. Proceed, with fingers crossed.

./chapters/4 Design and Implementation.tex:220: Missing } inserted.
<inserted text> 
                }
l.220 ...n MLN, .7 rand noise on){fig:mv_100_cum}}
                                                  
I've inserted something that you may have forgotten.
(See the <inserted text> above.)
With luck, this will get me unwedged. But if you
really didn't forget anything, try typing `2' now; then
my insertion and my current dilemma will both disappear.

<images/tests/movegraph_sys_70.png, id=512, 3125.6775pt x 2332.715pt>
File: images/tests/movegraph_sys_70.png Graphic file (type png)
<use images/tests/movegraph_sys_70.png>
Package pdftex.def Info: images/tests/movegraph_sys_70.png  used on input line 
228.
(pdftex.def)             Requested size: 216.1011pt x 161.27785pt.
./chapters/4 Design and Implementation.tex:229: Missing $ inserted.
<inserted text> 
                $
l.229 ... sys noise on conn(v0,v1,0) {fig:mv_100}}
                                                  
I've inserted a begin-math/end-math symbol since I think
you left one out. Proceed, with fingers crossed.

./chapters/4 Design and Implementation.tex:229: Extra }, or forgotten $.
<argument> ... noise on conn(v0,v1,0) {fig:mv_100}
                                                  \fi 
l.229 ... sys noise on conn(v0,v1,0) {fig:mv_100}}
                                                  
I've deleted a group-closing symbol because it seems to be
spurious, as in `$x}$'. But perhaps the } is legitimate and
you forgot something else, as in `\hbox{$x}'. In such cases
the way to recover is to insert both the forgotten and the
deleted material, e.g., by typing `I$}'.

./chapters/4 Design and Implementation.tex:229: Missing $ inserted.
<inserted text> 
                $
l.229 ... sys noise on conn(v0,v1,0) {fig:mv_100}}
                                                  
I've inserted a begin-math/end-math symbol since I think
you left one out. Proceed, with fingers crossed.

./chapters/4 Design and Implementation.tex:229: Missing } inserted.
<inserted text> 
                }
l.229 ... sys noise on conn(v0,v1,0) {fig:mv_100}}
                                                  
I've inserted something that you may have forgotten.
(See the <inserted text> above.)
With luck, this will get me unwedged. But if you
really didn't forget anything, try typing `2' now; then
my insertion and my current dilemma will both disappear.

./chapters/4 Design and Implementation.tex:229: Missing $ inserted.
<inserted text> 
                $
l.229 ... sys noise on conn(v0,v1,0) {fig:mv_100}}
                                                  
I've inserted a begin-math/end-math symbol since I think
you left one out. Proceed, with fingers crossed.

./chapters/4 Design and Implementation.tex:229: Extra }, or forgotten $.
<argument> ... noise on conn(v0,v1,0) {fig:mv_100}
                                                  \fi 
l.229 ... sys noise on conn(v0,v1,0) {fig:mv_100}}
                                                  
I've deleted a group-closing symbol because it seems to be
spurious, as in `$x}$'. But perhaps the } is legitimate and
you forgot something else, as in `\hbox{$x}'. In such cases
the way to recover is to insert both the forgotten and the
deleted material, e.g., by typing `I$}'.

./chapters/4 Design and Implementation.tex:229: Missing $ inserted.
<inserted text> 
                $
l.229 ... sys noise on conn(v0,v1,0) {fig:mv_100}}
                                                  
I've inserted a begin-math/end-math symbol since I think
you left one out. Proceed, with fingers crossed.

./chapters/4 Design and Implementation.tex:229: Missing } inserted.
<inserted text> 
                }
l.229 ... sys noise on conn(v0,v1,0) {fig:mv_100}}
                                                  
I've inserted something that you may have forgotten.
(See the <inserted text> above.)
With luck, this will get me unwedged. But if you
really didn't forget anything, try typing `2' now; then
my insertion and my current dilemma will both disappear.

<images/tests/movegraph_sys_30.png, id=513, 3247.13126pt x 2320.67pt>
File: images/tests/movegraph_sys_30.png Graphic file (type png)
<use images/tests/movegraph_sys_30.png>
Package pdftex.def Info: images/tests/movegraph_sys_30.png  used on input line 
235.
(pdftex.def)             Requested size: 216.1011pt x 154.42531pt.
./chapters/4 Design and Implementation.tex:236: Missing $ inserted.
<inserted text> 
                $
l.236 ...s noise on conn(v0,v1,0){fig:mv_100_cum}}
                                                  
I've inserted a begin-math/end-math symbol since I think
you left one out. Proceed, with fingers crossed.

./chapters/4 Design and Implementation.tex:236: Extra }, or forgotten $.
<argument> ...ise on conn(v0,v1,0){fig:mv_100_cum}
                                                  \fi 
l.236 ...s noise on conn(v0,v1,0){fig:mv_100_cum}}
                                                  
I've deleted a group-closing symbol because it seems to be
spurious, as in `$x}$'. But perhaps the } is legitimate and
you forgot something else, as in `\hbox{$x}'. In such cases
the way to recover is to insert both the forgotten and the
deleted material, e.g., by typing `I$}'.

./chapters/4 Design and Implementation.tex:236: Missing $ inserted.
<inserted text> 
                $
l.236 ...s noise on conn(v0,v1,0){fig:mv_100_cum}}
                                                  
I've inserted a begin-math/end-math symbol since I think
you left one out. Proceed, with fingers crossed.

./chapters/4 Design and Implementation.tex:236: Missing } inserted.
<inserted text> 
                }
l.236 ...s noise on conn(v0,v1,0){fig:mv_100_cum}}
                                                  
I've inserted something that you may have forgotten.
(See the <inserted text> above.)
With luck, this will get me unwedged. But if you
really didn't forget anything, try typing `2' now; then
my insertion and my current dilemma will both disappear.

./chapters/4 Design and Implementation.tex:236: Missing $ inserted.
<inserted text> 
                $
l.236 ...s noise on conn(v0,v1,0){fig:mv_100_cum}}
                                                  
I've inserted a begin-math/end-math symbol since I think
you left one out. Proceed, with fingers crossed.

./chapters/4 Design and Implementation.tex:236: Extra }, or forgotten $.
<argument> ...ise on conn(v0,v1,0){fig:mv_100_cum}
                                                  \fi 
l.236 ...s noise on conn(v0,v1,0){fig:mv_100_cum}}
                                                  
I've deleted a group-closing symbol because it seems to be
spurious, as in `$x}$'. But perhaps the } is legitimate and
you forgot something else, as in `\hbox{$x}'. In such cases
the way to recover is to insert both the forgotten and the
deleted material, e.g., by typing `I$}'.

./chapters/4 Design and Implementation.tex:236: Missing $ inserted.
<inserted text> 
                $
l.236 ...s noise on conn(v0,v1,0){fig:mv_100_cum}}
                                                  
I've inserted a begin-math/end-math symbol since I think
you left one out. Proceed, with fingers crossed.

./chapters/4 Design and Implementation.tex:236: Missing } inserted.
<inserted text> 
                }
l.236 ...s noise on conn(v0,v1,0){fig:mv_100_cum}}
                                                  
I've inserted something that you may have forgotten.
(See the <inserted text> above.)
With luck, this will get me unwedged. But if you
really didn't forget anything, try typing `2' now; then
my insertion and my current dilemma will both disappear.


LaTeX Warning: `h' float specifier changed to `ht'.

[39 <./images/tests/movegraph_100.png> <./images/tests/movegraph_100_cum.png> <
./images/tests/movegraph_rand_70.png> <./images/tests/movegraph_rand_30.png>]
Underfull \hbox (badness 10000) in paragraph at lines 241--245

 []


Underfull \hbox (badness 10000) in paragraph at lines 241--245

 []

) (./chapters/5 Results and Analysis.tex [40 <./images/tests/movegraph_sys_70.p
ng> <./images/tests/movegraph_sys_30.png>]
Chapter 5.
) (./chapters/6 Conclusion.tex [41

]
Chapter 6.
)
No file main.bbl.
Package atveryend Info: Empty hook `BeforeClearDocument' on input line 97.
[42

]
Package atveryend Info: Empty hook `AfterLastShipout' on input line 97.

(/home/octavio/pycharm_projects/action_model_reconstruction_framework/MscDisser
tation/out/main.aux)
Package atveryend Info: Executing hook `AtVeryEndDocument' on input line 97.
Package atveryend Info: Executing hook `AtEndAfterFileList' on input line 97.
Package rerunfilecheck Info: File `main.out' has not changed.
(rerunfilecheck)             Checksum: <no file>.


LaTeX Font Warning: Size substitutions with differences
(Font)              up to 0.5pt have occurred.


LaTeX Warning: There were undefined references.


LaTeX Warning: There were multiply-defined labels.

Package atveryend Info: Empty hook `AtVeryVeryEnd' on input line 97.
 ) 
Here is how much of TeX's memory you used:
 9791 strings out of 483183
 145300 string characters out of 5966293
 746652 words of memory out of 5000000
 24423 multiletter control sequences out of 15000+600000
 541910 words of font info for 57 fonts, out of 8000000 for 9000
 14 hyphenation exceptions out of 8191
 38i,12n,49p,1581b,1906s stack positions out of 5000i,500n,10000p,200000b,80000s
 </home/octavio/.texlive2019/texmf-var/fonts/pk/ljfour/jknappen/ec/tcrm1095.6
00pk></usr/share/texlive/texmf-dist/fonts/type1/public/amsfonts/cm/cmbx10.pfb><
/usr/share/texlive/texmf-dist/fonts/type1/public/amsfonts/cm/cmbx12.pfb></usr/s
hare/texlive/texmf-dist/fonts/type1/public/amsfonts/cm/cmex10.pfb></usr/share/t
exlive/texmf-dist/fonts/type1/public/amsfonts/cm/cmmi10.pfb></usr/share/texlive
/texmf-dist/fonts/type1/public/amsfonts/cm/cmmi8.pfb></usr/share/texlive/texmf-
dist/fonts/type1/public/amsfonts/cm/cmr10.pfb></usr/share/texlive/texmf-dist/fo
nts/type1/public/amsfonts/cm/cmr6.pfb></usr/share/texlive/texmf-dist/fonts/type
1/public/amsfonts/cm/cmr8.pfb></usr/share/texlive/texmf-dist/fonts/type1/public
/amsfonts/cm/cmr9.pfb></usr/share/texlive/texmf-dist/fonts/type1/public/amsfont
s/cm/cmss10.pfb></usr/share/texlive/texmf-dist/fonts/type1/public/amsfonts/cm/c
mss12.pfb></usr/share/texlive/texmf-dist/fonts/type1/public/amsfonts/cm/cmss17.
pfb></usr/share/texlive/texmf-dist/fonts/type1/public/amsfonts/cm/cmssbx10.pfb>
</usr/share/texlive/texmf-dist/fonts/type1/public/amsfonts/cm/cmsy10.pfb></usr/
share/texlive/texmf-dist/fonts/type1/public/amsfonts/cm/cmsy8.pfb></usr/share/t
exlive/texmf-dist/fonts/type1/public/amsfonts/cm/cmtt10.pfb></usr/share/texlive
/texmf-dist/fonts/type1/public/amsfonts/cm/cmtt9.pfb>
Output written on /home/octavio/pycharm_projects/action_model_reconstruction_fr
amework/MscDissertation/out/main.pdf (43 pages, 2263428 bytes).
PDF statistics:
 645 PDF objects out of 1000 (max. 8388607)
 549 compressed objects within 6 object streams
 183 named destinations out of 1000 (max. 500000)
 414 words of extra memory for PDF output out of 10000 (max. 10000000)

